# JRE version: Java(TM) SE Runtime Environment (8.0_66-b17) (build 1.8.0_66-b17)
# Java VM: Java HotSpot(TM) 64-Bit Server VM (25.66-b17 mixed mode linux-amd64 compressed oops)
Heap:
 par new generation   total 92160K, used 32055K [0x00000000c1800000, 0x00000000c7c00000, 0x00000000d6550000)
  eden space 81920K,  39% used [0x00000000c1800000, 0x00000000c374a410, 0x00000000c6800000)
  from space 10240K,   0% used [0x00000000c6800000, 0x00000000c6803870, 0x00000000c7200000)
  to   space 10240K,   0% used [0x00000000c7200000, 0x00000000c7200000, 0x00000000c7c00000)
 concurrent mark-sweep generation total 204800K, used 29470K [0x00000000d6550000, 0x00000000e2d50000, 0x0000000100000000)
 Metaspace       used 40015K, capacity 40438K, committed 40644K, reserved 1085440K
  class space    used 4681K, capacity 4802K, committed 4804K, reserved 1048576K
GC Heap History (10 events):
Event: 604,901 GC heap before
{Heap before GC invocations=601 (full 15):
 par new generation   total 92160K, used 81928K [0x00000000c1800000, 0x00000000c7c00000, 0x00000000d6550000)
  eden space 81920K, 100% used [0x00000000c1800000, 0x00000000c6800000, 0x00000000c6800000)
  from space 10240K,   0% used [0x00000000c7200000, 0x00000000c7202040, 0x00000000c7c00000)
  to   space 10240K,   0% used [0x00000000c6800000, 0x00000000c6800000, 0x00000000c7200000)
 concurrent mark-sweep generation total 204800K, used 29470K [0x00000000d6550000, 0x00000000e2d50000, 0x0000000100000000)
 Metaspace       used 39977K, capacity 40406K, committed 40644K, reserved 1085440K
  class space    used 4676K, capacity 4770K, committed 4804K, reserved 1048576K
Event: 604,902 GC heap after
Heap after GC invocations=602 (full 15):
 par new generation   total 92160K, used 10K [0x00000000c1800000, 0x00000000c7c00000, 0x00000000d6550000)
  eden space 81920K,   0% used [0x00000000c1800000, 0x00000000c1800000, 0x00000000c6800000)
  from space 10240K,   0% used [0x00000000c6800000, 0x00000000c6802850, 0x00000000c7200000)
  to   space 10240K,   0% used [0x00000000c7200000, 0x00000000c7200000, 0x00000000c7c00000)
 concurrent mark-sweep generation total 204800K, used 29470K [0x00000000d6550000, 0x00000000e2d50000, 0x0000000100000000)
 Metaspace       used 39977K, capacity 40406K, committed 40644K, reserved 1085440K
  class space    used 4676K, capacity 4770K, committed 4804K, reserved 1048576K
}
Event: 608,962 GC heap before
{Heap before GC invocations=602 (full 15):
 par new generation   total 92160K, used 81930K [0x00000000c1800000, 0x00000000c7c00000, 0x00000000d6550000)
  eden space 81920K, 100% used [0x00000000c1800000, 0x00000000c6800000, 0x00000000c6800000)
  from space 10240K,   0% used [0x00000000c6800000, 0x00000000c6802850, 0x00000000c7200000)
  to   space 10240K,   0% used [0x00000000c7200000, 0x00000000c7200000, 0x00000000c7c00000)
 concurrent mark-sweep generation total 204800K, used 29470K [0x00000000d6550000, 0x00000000e2d50000, 0x0000000100000000)
 Metaspace       used 39977K, capacity 40406K, committed 40644K, reserved 1085440K
  class space    used 4676K, capacity 4770K, committed 4804K, reserved 1048576K
Event: 608,963 GC heap after
Heap after GC invocations=603 (full 15):
 par new generation   total 92160K, used 12K [0x00000000c1800000, 0x00000000c7c00000, 0x00000000d6550000)
  eden space 81920K,   0% used [0x00000000c1800000, 0x00000000c1800000, 0x00000000c6800000)
  from space 10240K,   0% used [0x00000000c7200000, 0x00000000c7203060, 0x00000000c7c00000)
  to   space 10240K,   0% used [0x00000000c6800000, 0x00000000c6800000, 0x00000000c7200000)
 concurrent mark-sweep generation total 204800K, used 29470K [0x00000000d6550000, 0x00000000e2d50000, 0x0000000100000000)
 Metaspace       used 39977K, capacity 40406K, committed 40644K, reserved 1085440K
  class space    used 4676K, capacity 4770K, committed 4804K, reserved 1048576K
}
Event: 612,877 GC heap before
{Heap before GC invocations=603 (full 15):
 par new generation   total 92160K, used 81932K [0x00000000c1800000, 0x00000000c7c00000, 0x00000000d6550000)
  eden space 81920K, 100% used [0x00000000c1800000, 0x00000000c6800000, 0x00000000c6800000)
  from space 10240K,   0% used [0x00000000c7200000, 0x00000000c7203060, 0x00000000c7c00000)
  to   space 10240K,   0% used [0x00000000c6800000, 0x00000000c6800000, 0x00000000c7200000)
 concurrent mark-sweep generation total 204800K, used 29470K [0x00000000d6550000, 0x00000000e2d50000, 0x0000000100000000)
 Metaspace       used 39977K, capacity 40406K, committed 40644K, reserved 1085440K
  class space    used 4676K, capacity 4770K, committed 4804K, reserved 1048576K
Event: 612,878 GC heap after
Heap after GC invocations=604 (full 15):
 par new generation   total 92160K, used 14K [0x00000000c1800000, 0x00000000c7c00000, 0x00000000d6550000)
  eden space 81920K,   0% used [0x00000000c1800000, 0x00000000c1800000, 0x00000000c6800000)
  from space 10240K,   0% used [0x00000000c6800000, 0x00000000c6803870, 0x00000000c7200000)
  to   space 10240K,   0% used [0x00000000c7200000, 0x00000000c7200000, 0x00000000c7c00000)
 concurrent mark-sweep generation total 204800K, used 29470K [0x00000000d6550000, 0x00000000e2d50000, 0x0000000100000000)
 Metaspace       used 39977K, capacity 40406K, committed 40644K, reserved 1085440K
  class space    used 4676K, capacity 4770K, committed 4804K, reserved 1048576K
}
Event: 616,764 GC heap before
{Heap before GC invocations=604 (full 15):
 par new generation   total 92160K, used 81934K [0x00000000c1800000, 0x00000000c7c00000, 0x00000000d6550000)
  eden space 81920K, 100% used [0x00000000c1800000, 0x00000000c6800000, 0x00000000c6800000)
  from space 10240K,   0% used [0x00000000c6800000, 0x00000000c6803870, 0x00000000c7200000)
  to   space 10240K,   0% used [0x00000000c7200000, 0x00000000c7200000, 0x00000000c7c00000)
 concurrent mark-sweep generation total 204800K, used 29470K [0x00000000d6550000, 0x00000000e2d50000, 0x0000000100000000)
 Metaspace       used 39977K, capacity 40406K, committed 40644K, reserved 1085440K
  class space    used 4676K, capacity 4770K, committed 4804K, reserved 1048576K
Event: 616,765 GC heap after
Heap after GC invocations=605 (full 15):
 par new generation   total 92160K, used 14K [0x00000000c1800000, 0x00000000c7c00000, 0x00000000d6550000)
  eden space 81920K,   0% used [0x00000000c1800000, 0x00000000c1800000, 0x00000000c6800000)
  from space 10240K,   0% used [0x00000000c7200000, 0x00000000c7203870, 0x00000000c7c00000)
  to   space 10240K,   0% used [0x00000000c6800000, 0x00000000c6800000, 0x00000000c7200000)
 concurrent mark-sweep generation total 204800K, used 29470K [0x00000000d6550000, 0x00000000e2d50000, 0x0000000100000000)
 Metaspace       used 39977K, capacity 40406K, committed 40644K, reserved 1085440K
  class space    used 4676K, capacity 4770K, committed 4804K, reserved 1048576K
}
Event: 620,728 GC heap before
{Heap before GC invocations=605 (full 15):
 par new generation   total 92160K, used 81934K [0x00000000c1800000, 0x00000000c7c00000, 0x00000000d6550000)
  eden space 81920K, 100% used [0x00000000c1800000, 0x00000000c6800000, 0x00000000c6800000)
  from space 10240K,   0% used [0x00000000c7200000, 0x00000000c7203870, 0x00000000c7c00000)
  to   space 10240K,   0% used [0x00000000c6800000, 0x00000000c6800000, 0x00000000c7200000)
 concurrent mark-sweep generation total 204800K, used 29470K [0x00000000d6550000, 0x00000000e2d50000, 0x0000000100000000)
 Metaspace       used 39977K, capacity 40406K, committed 40644K, reserved 1085440K
  class space    used 4676K, capacity 4770K, committed 4804K, reserved 1048576K
Event: 620,729 GC heap after
Heap after GC invocations=606 (full 15):
 par new generation   total 92160K, used 14K [0x00000000c1800000, 0x00000000c7c00000, 0x00000000d6550000)
  eden space 81920K,   0% used [0x00000000c1800000, 0x00000000c1800000, 0x00000000c6800000)
  from space 10240K,   0% used [0x00000000c6800000, 0x00000000c6803870, 0x00000000c7200000)
  to   space 10240K,   0% used [0x00000000c7200000, 0x00000000c7200000, 0x00000000c7c00000)
 concurrent mark-sweep generation total 204800K, used 29470K [0x00000000d6550000, 0x00000000e2d50000, 0x0000000100000000)
 Metaspace       used 39977K, capacity 40406K, committed 40644K, reserved 1085440K
  class space    used 4676K, capacity 4770K, committed 4804K, reserved 1048576K
}

