# JRE version: Java(TM) SE Runtime Environment (8.0_66-b17) (build 1.8.0_66-b17)
# Java VM: Java HotSpot(TM) 64-Bit Server VM (25.66-b17 mixed mode linux-amd64 compressed oops)
Heap:
 par new generation   total 92160K, used 48791K [0x00000000a2400000, 0x00000000a8800000, 0x00000000c1800000)
  eden space 81920K,  49% used [0x00000000a2400000, 0x00000000a4be3018, 0x00000000a7400000)
  from space 10240K,  77% used [0x00000000a7400000, 0x00000000a7bc2cd8, 0x00000000a7e00000)
  to   space 10240K,   0% used [0x00000000a7e00000, 0x00000000a7e00000, 0x00000000a8800000)
 concurrent mark-sweep generation total 204800K, used 3419K [0x00000000c1800000, 0x00000000ce000000, 0x0000000100000000)
 Metaspace       used 31268K, capacity 31560K, committed 31948K, reserved 1077248K
  class space    used 3619K, capacity 3725K, committed 3788K, reserved 1048576K
GC Heap History (4 events):
Event: 1,426 GC heap before
{Heap before GC invocations=0 (full 0):
 par new generation   total 92160K, used 81920K [0x00000000a2400000, 0x00000000a8800000, 0x00000000c1800000)
  eden space 81920K, 100% used [0x00000000a2400000, 0x00000000a7400000, 0x00000000a7400000)
  from space 10240K,   0% used [0x00000000a7400000, 0x00000000a7400000, 0x00000000a7e00000)
  to   space 10240K,   0% used [0x00000000a7e00000, 0x00000000a7e00000, 0x00000000a8800000)
 concurrent mark-sweep generation total 204800K, used 0K [0x00000000c1800000, 0x00000000ce000000, 0x0000000100000000)
 Metaspace       used 16922K, capacity 17202K, committed 17408K, reserved 1064960K
  class space    used 2119K, capacity 2186K, committed 2304K, reserved 1048576K
Event: 1,434 GC heap after
Heap after GC invocations=1 (full 0):
 par new generation   total 92160K, used 8410K [0x00000000a2400000, 0x00000000a8800000, 0x00000000c1800000)
  eden space 81920K,   0% used [0x00000000a2400000, 0x00000000a2400000, 0x00000000a7400000)
  from space 10240K,  82% used [0x00000000a7e00000, 0x00000000a8636a80, 0x00000000a8800000)
  to   space 10240K,   0% used [0x00000000a7400000, 0x00000000a7400000, 0x00000000a7e00000)
 concurrent mark-sweep generation total 204800K, used 0K [0x00000000c1800000, 0x00000000ce000000, 0x0000000100000000)
 Metaspace       used 16922K, capacity 17202K, committed 17408K, reserved 1064960K
  class space    used 2119K, capacity 2186K, committed 2304K, reserved 1048576K
}
Event: 2,167 GC heap before
{Heap before GC invocations=1 (full 0):
 par new generation   total 92160K, used 90330K [0x00000000a2400000, 0x00000000a8800000, 0x00000000c1800000)
  eden space 81920K, 100% used [0x00000000a2400000, 0x00000000a7400000, 0x00000000a7400000)
  from space 10240K,  82% used [0x00000000a7e00000, 0x00000000a8636a80, 0x00000000a8800000)
  to   space 10240K,   0% used [0x00000000a7400000, 0x00000000a7400000, 0x00000000a7e00000)
 concurrent mark-sweep generation total 204800K, used 0K [0x00000000c1800000, 0x00000000ce000000, 0x0000000100000000)
 Metaspace       used 27075K, capacity 27312K, committed 27580K, reserved 1073152K
  class space    used 2999K, capacity 3075K, committed 3148K, reserved 1048576K
Event: 2,187 GC heap after
Heap after GC invocations=2 (full 0):
 par new generation   total 92160K, used 7947K [0x00000000a2400000, 0x00000000a8800000, 0x00000000c1800000)
  eden space 81920K,   0% used [0x00000000a2400000, 0x00000000a2400000, 0x00000000a7400000)
  from space 10240K,  77% used [0x00000000a7400000, 0x00000000a7bc2cd8, 0x00000000a7e00000)
  to   space 10240K,   0% used [0x00000000a7e00000, 0x00000000a7e00000, 0x00000000a8800000)
 concurrent mark-sweep generation total 204800K, used 3422K [0x00000000c1800000, 0x00000000ce000000, 0x0000000100000000)
 Metaspace       used 27075K, capacity 27312K, committed 27580K, reserved 1073152K
  class space    used 2999K, capacity 3075K, committed 3148K, reserved 1048576K
}

